<?xml version="1.0" encoding="UTF-8"?>
<testng-results ignored="0" total="1" passed="1" failed="0" skipped="0">
  <reporter-output>
  </reporter-output>
  <suite started-at="2023-01-30T22:54:20 IST" name="Default suite" finished-at="2023-01-30T22:54:27 IST" duration-ms="7381">
    <groups>
    </groups>
    <test started-at="2023-01-30T22:54:20 IST" name="Default test" finished-at="2023-01-30T22:54:27 IST" duration-ms="7381">
      <class name="TestScripts.FirstTest">
        <test-method is-config="true" signature="classSetup()[pri:0, instance:TestScripts.FirstTest@46cdf8bd]" started-at="2023-01-30T22:54:20 IST" name="classSetup" finished-at="2023-01-30T22:54:23 IST" duration-ms="2768" status="PASS">
          <reporter-output>
          </reporter-output>
        </test-method> <!-- classSetup -->
        <test-method is-config="true" signature="methodSetup()[pri:0, instance:TestScripts.FirstTest@46cdf8bd]" started-at="2023-01-30T22:54:23 IST" name="methodSetup" finished-at="2023-01-30T22:54:23 IST" duration-ms="465" status="PASS">
          <reporter-output>
          </reporter-output>
        </test-method> <!-- methodSetup -->
        <test-method signature="firstTest()[pri:0, instance:TestScripts.FirstTest@46cdf8bd]" started-at="2023-01-30T22:54:23 IST" name="firstTest" finished-at="2023-01-30T22:54:27 IST" duration-ms="3870" status="PASS">
          <reporter-output>
          </reporter-output>
        </test-method> <!-- firstTest -->
        <test-method is-config="true" signature="methodTearDown()[pri:0, instance:TestScripts.FirstTest@46cdf8bd]" started-at="2023-01-30T22:54:27 IST" name="methodTearDown" finished-at="2023-01-30T22:54:27 IST" duration-ms="0" status="PASS">
          <reporter-output>
          </reporter-output>
        </test-method> <!-- methodTearDown -->
        <test-method is-config="true" signature="classTearDown()[pri:0, instance:TestScripts.FirstTest@46cdf8bd]" started-at="2023-01-30T22:54:27 IST" name="classTearDown" finished-at="2023-01-30T22:54:27 IST" duration-ms="248" status="PASS">
          <reporter-output>
          </reporter-output>
        </test-method> <!-- classTearDown -->
      </class> <!-- TestScripts.FirstTest -->
    </test> <!-- Default test -->
  </suite> <!-- Default suite -->
</testng-results>
